<?xml version="1.0" encoding="UTF-8"?>
<testng-results ignored="0" total="1" passed="1" failed="0" skipped="0">
  <reporter-output>
  </reporter-output>
  <suite started-at="2022-04-22T08:00:57 IST" name="Default suite" finished-at="2022-04-22T08:01:04 IST" duration-ms="6954">
    <groups>
    </groups>
    <test started-at="2022-04-22T08:00:57 IST" name="Default test" finished-at="2022-04-22T08:01:04 IST" duration-ms="6954">
      <class name="Test_GET1">
        <test-method signature="tesget1()[pri:0, instance:Test_GET1@2df9b86]" started-at="2022-04-22T08:00:57 IST" name="tesget1" finished-at="2022-04-22T08:01:04 IST" duration-ms="6861" status="PASS">
          <reporter-output>
          </reporter-output>
        </test-method> <!-- tesget1 -->
      </class> <!-- Test_GET1 -->
    </test> <!-- Default test -->
  </suite> <!-- Default suite -->
</testng-results>
